{
 "cells": [
  {
   "cell_type": "code",
   "execution_count": 14,
   "metadata": {},
   "outputs": [
    {
     "name": "stderr",
     "output_type": "stream",
     "text": [
      "/Users/obsidian/GitHub/lightkurve/lightkurve/targetpixelfile.py:696: LightkurveWarning: `TargetPixelFile.from_archive` is deprecated and will be removed soon, please use `lightkurve.search_targetpixelfile()` instead.\n",
      "  LightkurveWarning)\n"
     ]
    },
    {
     "data": {
      "text/plain": [
       "(dtype('>f8'), dtype('float32'))"
      ]
     },
     "execution_count": 14,
     "metadata": {},
     "output_type": "execute_result"
    }
   ],
   "source": [
    "from lightkurve import KeplerTargetPixelFile\n",
    "\n",
    "tpf_star = KeplerTargetPixelFile.from_archive(1867630, quarter=1)\n",
    "lc_star = tpf_star.to_lightcurve(aperture_mask='all')\n",
    "\n",
    "lc_star.time.dtype, lc_star.flux.dtype"
   ]
  },
  {
   "cell_type": "code",
   "execution_count": 3,
   "metadata": {},
   "outputs": [],
   "source": [
    "import numpy as np"
   ]
  },
  {
   "cell_type": "code",
   "execution_count": 16,
   "metadata": {},
   "outputs": [
    {
     "data": {
      "text/plain": [
       "148.2383312137099"
      ]
     },
     "execution_count": 16,
     "metadata": {},
     "output_type": "execute_result"
    }
   ],
   "source": [
    "lc_star.time"
   ]
  },
  {
   "cell_type": "code",
   "execution_count": 17,
   "metadata": {},
   "outputs": [],
   "source": [
    "import pandas as pd"
   ]
  },
  {
   "cell_type": "code",
   "execution_count": 22,
   "metadata": {},
   "outputs": [
    {
     "data": {
      "text/plain": [
       "dtype('>f8')"
      ]
     },
     "execution_count": 22,
     "metadata": {},
     "output_type": "execute_result"
    }
   ],
   "source": [
    "lc_star.time.dtype"
   ]
  },
  {
   "cell_type": "code",
   "execution_count": 35,
   "metadata": {},
   "outputs": [],
   "source": [
    "df = pd.DataFrame({'time':lc_star.time, 'flux':lc_star.flux})"
   ]
  },
  {
   "cell_type": "code",
   "execution_count": 36,
   "metadata": {},
   "outputs": [],
   "source": [
    "df2 = lc_star.to_pandas()"
   ]
  },
  {
   "cell_type": "code",
   "execution_count": 37,
   "metadata": {},
   "outputs": [
    {
     "ename": "KeyError",
     "evalue": "ValueError('Big-endian buffer not supported on little-endian compiler',)",
     "output_type": "error",
     "traceback": [
      "\u001b[0;31m---------------------------------------------------------------------------\u001b[0m",
      "\u001b[0;31mValueError\u001b[0m                                Traceback (most recent call last)",
      "\u001b[0;32m~/anaconda3/envs/lightkurve_base/lib/python3.6/site-packages/pandas/core/indexing.py\u001b[0m in \u001b[0;36m_getbool_axis\u001b[0;34m(self, key, axis)\u001b[0m\n\u001b[1;32m   1495\u001b[0m         \u001b[0;32mtry\u001b[0m\u001b[0;34m:\u001b[0m\u001b[0;34m\u001b[0m\u001b[0;34m\u001b[0m\u001b[0m\n\u001b[0;32m-> 1496\u001b[0;31m             \u001b[0;32mreturn\u001b[0m \u001b[0mself\u001b[0m\u001b[0;34m.\u001b[0m\u001b[0mobj\u001b[0m\u001b[0;34m.\u001b[0m\u001b[0m_take\u001b[0m\u001b[0;34m(\u001b[0m\u001b[0minds\u001b[0m\u001b[0;34m,\u001b[0m \u001b[0maxis\u001b[0m\u001b[0;34m=\u001b[0m\u001b[0maxis\u001b[0m\u001b[0;34m)\u001b[0m\u001b[0;34m\u001b[0m\u001b[0;34m\u001b[0m\u001b[0m\n\u001b[0m\u001b[1;32m   1497\u001b[0m         \u001b[0;32mexcept\u001b[0m \u001b[0mException\u001b[0m \u001b[0;32mas\u001b[0m \u001b[0mdetail\u001b[0m\u001b[0;34m:\u001b[0m\u001b[0;34m\u001b[0m\u001b[0;34m\u001b[0m\u001b[0m\n",
      "\u001b[0;32m~/anaconda3/envs/lightkurve_base/lib/python3.6/site-packages/pandas/core/generic.py\u001b[0m in \u001b[0;36m_take\u001b[0;34m(self, indices, axis, is_copy)\u001b[0m\n\u001b[1;32m   2788\u001b[0m                                    \u001b[0maxis\u001b[0m\u001b[0;34m=\u001b[0m\u001b[0mself\u001b[0m\u001b[0;34m.\u001b[0m\u001b[0m_get_block_manager_axis\u001b[0m\u001b[0;34m(\u001b[0m\u001b[0maxis\u001b[0m\u001b[0;34m)\u001b[0m\u001b[0;34m,\u001b[0m\u001b[0;34m\u001b[0m\u001b[0;34m\u001b[0m\u001b[0m\n\u001b[0;32m-> 2789\u001b[0;31m                                    verify=True)\n\u001b[0m\u001b[1;32m   2790\u001b[0m         \u001b[0mresult\u001b[0m \u001b[0;34m=\u001b[0m \u001b[0mself\u001b[0m\u001b[0;34m.\u001b[0m\u001b[0m_constructor\u001b[0m\u001b[0;34m(\u001b[0m\u001b[0mnew_data\u001b[0m\u001b[0;34m)\u001b[0m\u001b[0;34m.\u001b[0m\u001b[0m__finalize__\u001b[0m\u001b[0;34m(\u001b[0m\u001b[0mself\u001b[0m\u001b[0;34m)\u001b[0m\u001b[0;34m\u001b[0m\u001b[0;34m\u001b[0m\u001b[0m\n",
      "\u001b[0;32m~/anaconda3/envs/lightkurve_base/lib/python3.6/site-packages/pandas/core/internals.py\u001b[0m in \u001b[0;36mtake\u001b[0;34m(self, indexer, axis, verify, convert)\u001b[0m\n\u001b[1;32m   4538\u001b[0m         return self.reindex_indexer(new_axis=new_labels, indexer=indexer,\n\u001b[0;32m-> 4539\u001b[0;31m                                     axis=axis, allow_dups=True)\n\u001b[0m\u001b[1;32m   4540\u001b[0m \u001b[0;34m\u001b[0m\u001b[0m\n",
      "\u001b[0;32m~/anaconda3/envs/lightkurve_base/lib/python3.6/site-packages/pandas/core/internals.py\u001b[0m in \u001b[0;36mreindex_indexer\u001b[0;34m(self, new_axis, indexer, axis, fill_value, allow_dups, copy)\u001b[0m\n\u001b[1;32m   4420\u001b[0m             new_blocks = self._slice_take_blocks_ax0(indexer,\n\u001b[0;32m-> 4421\u001b[0;31m                                                      fill_tuple=(fill_value,))\n\u001b[0m\u001b[1;32m   4422\u001b[0m         \u001b[0;32melse\u001b[0m\u001b[0;34m:\u001b[0m\u001b[0;34m\u001b[0m\u001b[0;34m\u001b[0m\u001b[0m\n",
      "\u001b[0;32m~/anaconda3/envs/lightkurve_base/lib/python3.6/site-packages/pandas/core/internals.py\u001b[0m in \u001b[0;36m_slice_take_blocks_ax0\u001b[0;34m(self, slice_or_indexer, fill_tuple)\u001b[0m\n\u001b[1;32m   4500\u001b[0m                                               \u001b[0maxis\u001b[0m\u001b[0;34m=\u001b[0m\u001b[0;36m0\u001b[0m\u001b[0;34m,\u001b[0m \u001b[0mnew_mgr_locs\u001b[0m\u001b[0;34m=\u001b[0m\u001b[0mmgr_locs\u001b[0m\u001b[0;34m,\u001b[0m\u001b[0;34m\u001b[0m\u001b[0;34m\u001b[0m\u001b[0m\n\u001b[0;32m-> 4501\u001b[0;31m                                               fill_tuple=None))\n\u001b[0m\u001b[1;32m   4502\u001b[0m \u001b[0;34m\u001b[0m\u001b[0m\n",
      "\u001b[0;32m~/anaconda3/envs/lightkurve_base/lib/python3.6/site-packages/pandas/core/internals.py\u001b[0m in \u001b[0;36mtake_nd\u001b[0;34m(self, indexer, axis, new_mgr_locs, fill_tuple)\u001b[0m\n\u001b[1;32m   1253\u001b[0m             new_values = algos.take_nd(values, indexer, axis=axis,\n\u001b[0;32m-> 1254\u001b[0;31m                                        allow_fill=False)\n\u001b[0m\u001b[1;32m   1255\u001b[0m         \u001b[0;32melse\u001b[0m\u001b[0;34m:\u001b[0m\u001b[0;34m\u001b[0m\u001b[0;34m\u001b[0m\u001b[0m\n",
      "\u001b[0;32m~/anaconda3/envs/lightkurve_base/lib/python3.6/site-packages/pandas/core/algorithms.py\u001b[0m in \u001b[0;36mtake_nd\u001b[0;34m(arr, indexer, axis, out, fill_value, mask_info, allow_fill)\u001b[0m\n\u001b[1;32m   1658\u001b[0m                                  mask_info=mask_info)\n\u001b[0;32m-> 1659\u001b[0;31m     \u001b[0mfunc\u001b[0m\u001b[0;34m(\u001b[0m\u001b[0marr\u001b[0m\u001b[0;34m,\u001b[0m \u001b[0mindexer\u001b[0m\u001b[0;34m,\u001b[0m \u001b[0mout\u001b[0m\u001b[0;34m,\u001b[0m \u001b[0mfill_value\u001b[0m\u001b[0;34m)\u001b[0m\u001b[0;34m\u001b[0m\u001b[0;34m\u001b[0m\u001b[0m\n\u001b[0m\u001b[1;32m   1660\u001b[0m \u001b[0;34m\u001b[0m\u001b[0m\n",
      "\u001b[0;32mpandas/_libs/algos_take_helper.pxi\u001b[0m in \u001b[0;36mpandas._libs.algos.take_2d_axis1_float64_float64\u001b[0;34m()\u001b[0m\n",
      "\u001b[0;31mValueError\u001b[0m: Big-endian buffer not supported on little-endian compiler",
      "\nDuring handling of the above exception, another exception occurred:\n",
      "\u001b[0;31mKeyError\u001b[0m                                  Traceback (most recent call last)",
      "\u001b[0;32m<ipython-input-37-77c0659fc2a8>\u001b[0m in \u001b[0;36m<module>\u001b[0;34m\u001b[0m\n\u001b[0;32m----> 1\u001b[0;31m \u001b[0mdf2\u001b[0m\u001b[0;34m.\u001b[0m\u001b[0mdescribe\u001b[0m\u001b[0;34m(\u001b[0m\u001b[0;34m)\u001b[0m\u001b[0;34m\u001b[0m\u001b[0;34m\u001b[0m\u001b[0m\n\u001b[0m",
      "\u001b[0;32m~/anaconda3/envs/lightkurve_base/lib/python3.6/site-packages/pandas/core/generic.py\u001b[0m in \u001b[0;36mdescribe\u001b[0;34m(self, percentiles, include, exclude)\u001b[0m\n\u001b[1;32m   8563\u001b[0m         \u001b[0;32melif\u001b[0m \u001b[0;34m(\u001b[0m\u001b[0minclude\u001b[0m \u001b[0;32mis\u001b[0m \u001b[0;32mNone\u001b[0m\u001b[0;34m)\u001b[0m \u001b[0;32mand\u001b[0m \u001b[0;34m(\u001b[0m\u001b[0mexclude\u001b[0m \u001b[0;32mis\u001b[0m \u001b[0;32mNone\u001b[0m\u001b[0;34m)\u001b[0m\u001b[0;34m:\u001b[0m\u001b[0;34m\u001b[0m\u001b[0;34m\u001b[0m\u001b[0m\n\u001b[1;32m   8564\u001b[0m             \u001b[0;31m# when some numerics are found, keep only numerics\u001b[0m\u001b[0;34m\u001b[0m\u001b[0;34m\u001b[0m\u001b[0;34m\u001b[0m\u001b[0m\n\u001b[0;32m-> 8565\u001b[0;31m             \u001b[0mdata\u001b[0m \u001b[0;34m=\u001b[0m \u001b[0mself\u001b[0m\u001b[0;34m.\u001b[0m\u001b[0mselect_dtypes\u001b[0m\u001b[0;34m(\u001b[0m\u001b[0minclude\u001b[0m\u001b[0;34m=\u001b[0m\u001b[0;34m[\u001b[0m\u001b[0mnp\u001b[0m\u001b[0;34m.\u001b[0m\u001b[0mnumber\u001b[0m\u001b[0;34m]\u001b[0m\u001b[0;34m)\u001b[0m\u001b[0;34m\u001b[0m\u001b[0;34m\u001b[0m\u001b[0m\n\u001b[0m\u001b[1;32m   8566\u001b[0m             \u001b[0;32mif\u001b[0m \u001b[0mlen\u001b[0m\u001b[0;34m(\u001b[0m\u001b[0mdata\u001b[0m\u001b[0;34m.\u001b[0m\u001b[0mcolumns\u001b[0m\u001b[0;34m)\u001b[0m \u001b[0;34m==\u001b[0m \u001b[0;36m0\u001b[0m\u001b[0;34m:\u001b[0m\u001b[0;34m\u001b[0m\u001b[0;34m\u001b[0m\u001b[0m\n\u001b[1;32m   8567\u001b[0m                 \u001b[0mdata\u001b[0m \u001b[0;34m=\u001b[0m \u001b[0mself\u001b[0m\u001b[0;34m\u001b[0m\u001b[0;34m\u001b[0m\u001b[0m\n",
      "\u001b[0;32m~/anaconda3/envs/lightkurve_base/lib/python3.6/site-packages/pandas/core/frame.py\u001b[0m in \u001b[0;36mselect_dtypes\u001b[0;34m(self, include, exclude)\u001b[0m\n\u001b[1;32m   3089\u001b[0m \u001b[0;34m\u001b[0m\u001b[0m\n\u001b[1;32m   3090\u001b[0m         \u001b[0mdtype_indexer\u001b[0m \u001b[0;34m=\u001b[0m \u001b[0minclude_these\u001b[0m \u001b[0;34m&\u001b[0m \u001b[0mexclude_these\u001b[0m\u001b[0;34m\u001b[0m\u001b[0;34m\u001b[0m\u001b[0m\n\u001b[0;32m-> 3091\u001b[0;31m         \u001b[0;32mreturn\u001b[0m \u001b[0mself\u001b[0m\u001b[0;34m.\u001b[0m\u001b[0mloc\u001b[0m\u001b[0;34m[\u001b[0m\u001b[0mcom\u001b[0m\u001b[0;34m.\u001b[0m\u001b[0m_get_info_slice\u001b[0m\u001b[0;34m(\u001b[0m\u001b[0mself\u001b[0m\u001b[0;34m,\u001b[0m \u001b[0mdtype_indexer\u001b[0m\u001b[0;34m)\u001b[0m\u001b[0;34m]\u001b[0m\u001b[0;34m\u001b[0m\u001b[0;34m\u001b[0m\u001b[0m\n\u001b[0m\u001b[1;32m   3092\u001b[0m \u001b[0;34m\u001b[0m\u001b[0m\n\u001b[1;32m   3093\u001b[0m     \u001b[0;32mdef\u001b[0m \u001b[0m_box_item_values\u001b[0m\u001b[0;34m(\u001b[0m\u001b[0mself\u001b[0m\u001b[0;34m,\u001b[0m \u001b[0mkey\u001b[0m\u001b[0;34m,\u001b[0m \u001b[0mvalues\u001b[0m\u001b[0;34m)\u001b[0m\u001b[0;34m:\u001b[0m\u001b[0;34m\u001b[0m\u001b[0;34m\u001b[0m\u001b[0m\n",
      "\u001b[0;32m~/anaconda3/envs/lightkurve_base/lib/python3.6/site-packages/pandas/core/indexing.py\u001b[0m in \u001b[0;36m__getitem__\u001b[0;34m(self, key)\u001b[0m\n\u001b[1;32m   1470\u001b[0m             \u001b[0;32mexcept\u001b[0m \u001b[0;34m(\u001b[0m\u001b[0mKeyError\u001b[0m\u001b[0;34m,\u001b[0m \u001b[0mIndexError\u001b[0m\u001b[0;34m)\u001b[0m\u001b[0;34m:\u001b[0m\u001b[0;34m\u001b[0m\u001b[0;34m\u001b[0m\u001b[0m\n\u001b[1;32m   1471\u001b[0m                 \u001b[0;32mpass\u001b[0m\u001b[0;34m\u001b[0m\u001b[0;34m\u001b[0m\u001b[0m\n\u001b[0;32m-> 1472\u001b[0;31m             \u001b[0;32mreturn\u001b[0m \u001b[0mself\u001b[0m\u001b[0;34m.\u001b[0m\u001b[0m_getitem_tuple\u001b[0m\u001b[0;34m(\u001b[0m\u001b[0mkey\u001b[0m\u001b[0;34m)\u001b[0m\u001b[0;34m\u001b[0m\u001b[0;34m\u001b[0m\u001b[0m\n\u001b[0m\u001b[1;32m   1473\u001b[0m         \u001b[0;32melse\u001b[0m\u001b[0;34m:\u001b[0m\u001b[0;34m\u001b[0m\u001b[0;34m\u001b[0m\u001b[0m\n\u001b[1;32m   1474\u001b[0m             \u001b[0;31m# we by definition only have the 0th axis\u001b[0m\u001b[0;34m\u001b[0m\u001b[0;34m\u001b[0m\u001b[0;34m\u001b[0m\u001b[0m\n",
      "\u001b[0;32m~/anaconda3/envs/lightkurve_base/lib/python3.6/site-packages/pandas/core/indexing.py\u001b[0m in \u001b[0;36m_getitem_tuple\u001b[0;34m(self, tup)\u001b[0m\n\u001b[1;32m    888\u001b[0m                 \u001b[0;32mcontinue\u001b[0m\u001b[0;34m\u001b[0m\u001b[0;34m\u001b[0m\u001b[0m\n\u001b[1;32m    889\u001b[0m \u001b[0;34m\u001b[0m\u001b[0m\n\u001b[0;32m--> 890\u001b[0;31m             \u001b[0mretval\u001b[0m \u001b[0;34m=\u001b[0m \u001b[0mgetattr\u001b[0m\u001b[0;34m(\u001b[0m\u001b[0mretval\u001b[0m\u001b[0;34m,\u001b[0m \u001b[0mself\u001b[0m\u001b[0;34m.\u001b[0m\u001b[0mname\u001b[0m\u001b[0;34m)\u001b[0m\u001b[0;34m.\u001b[0m\u001b[0m_getitem_axis\u001b[0m\u001b[0;34m(\u001b[0m\u001b[0mkey\u001b[0m\u001b[0;34m,\u001b[0m \u001b[0maxis\u001b[0m\u001b[0;34m=\u001b[0m\u001b[0mi\u001b[0m\u001b[0;34m)\u001b[0m\u001b[0;34m\u001b[0m\u001b[0;34m\u001b[0m\u001b[0m\n\u001b[0m\u001b[1;32m    891\u001b[0m \u001b[0;34m\u001b[0m\u001b[0m\n\u001b[1;32m    892\u001b[0m         \u001b[0;32mreturn\u001b[0m \u001b[0mretval\u001b[0m\u001b[0;34m\u001b[0m\u001b[0;34m\u001b[0m\u001b[0m\n",
      "\u001b[0;32m~/anaconda3/envs/lightkurve_base/lib/python3.6/site-packages/pandas/core/indexing.py\u001b[0m in \u001b[0;36m_getitem_axis\u001b[0;34m(self, key, axis)\u001b[0m\n\u001b[1;32m   1866\u001b[0m             \u001b[0;32mreturn\u001b[0m \u001b[0mself\u001b[0m\u001b[0;34m.\u001b[0m\u001b[0m_get_slice_axis\u001b[0m\u001b[0;34m(\u001b[0m\u001b[0mkey\u001b[0m\u001b[0;34m,\u001b[0m \u001b[0maxis\u001b[0m\u001b[0;34m=\u001b[0m\u001b[0maxis\u001b[0m\u001b[0;34m)\u001b[0m\u001b[0;34m\u001b[0m\u001b[0;34m\u001b[0m\u001b[0m\n\u001b[1;32m   1867\u001b[0m         \u001b[0;32melif\u001b[0m \u001b[0mcom\u001b[0m\u001b[0;34m.\u001b[0m\u001b[0mis_bool_indexer\u001b[0m\u001b[0;34m(\u001b[0m\u001b[0mkey\u001b[0m\u001b[0;34m)\u001b[0m\u001b[0;34m:\u001b[0m\u001b[0;34m\u001b[0m\u001b[0;34m\u001b[0m\u001b[0m\n\u001b[0;32m-> 1868\u001b[0;31m             \u001b[0;32mreturn\u001b[0m \u001b[0mself\u001b[0m\u001b[0;34m.\u001b[0m\u001b[0m_getbool_axis\u001b[0m\u001b[0;34m(\u001b[0m\u001b[0mkey\u001b[0m\u001b[0;34m,\u001b[0m \u001b[0maxis\u001b[0m\u001b[0;34m=\u001b[0m\u001b[0maxis\u001b[0m\u001b[0;34m)\u001b[0m\u001b[0;34m\u001b[0m\u001b[0;34m\u001b[0m\u001b[0m\n\u001b[0m\u001b[1;32m   1869\u001b[0m         \u001b[0;32melif\u001b[0m \u001b[0mis_list_like_indexer\u001b[0m\u001b[0;34m(\u001b[0m\u001b[0mkey\u001b[0m\u001b[0;34m)\u001b[0m\u001b[0;34m:\u001b[0m\u001b[0;34m\u001b[0m\u001b[0;34m\u001b[0m\u001b[0m\n\u001b[1;32m   1870\u001b[0m \u001b[0;34m\u001b[0m\u001b[0m\n",
      "\u001b[0;32m~/anaconda3/envs/lightkurve_base/lib/python3.6/site-packages/pandas/core/indexing.py\u001b[0m in \u001b[0;36m_getbool_axis\u001b[0;34m(self, key, axis)\u001b[0m\n\u001b[1;32m   1496\u001b[0m             \u001b[0;32mreturn\u001b[0m \u001b[0mself\u001b[0m\u001b[0;34m.\u001b[0m\u001b[0mobj\u001b[0m\u001b[0;34m.\u001b[0m\u001b[0m_take\u001b[0m\u001b[0;34m(\u001b[0m\u001b[0minds\u001b[0m\u001b[0;34m,\u001b[0m \u001b[0maxis\u001b[0m\u001b[0;34m=\u001b[0m\u001b[0maxis\u001b[0m\u001b[0;34m)\u001b[0m\u001b[0;34m\u001b[0m\u001b[0;34m\u001b[0m\u001b[0m\n\u001b[1;32m   1497\u001b[0m         \u001b[0;32mexcept\u001b[0m \u001b[0mException\u001b[0m \u001b[0;32mas\u001b[0m \u001b[0mdetail\u001b[0m\u001b[0;34m:\u001b[0m\u001b[0;34m\u001b[0m\u001b[0;34m\u001b[0m\u001b[0m\n\u001b[0;32m-> 1498\u001b[0;31m             \u001b[0;32mraise\u001b[0m \u001b[0mself\u001b[0m\u001b[0;34m.\u001b[0m\u001b[0m_exception\u001b[0m\u001b[0;34m(\u001b[0m\u001b[0mdetail\u001b[0m\u001b[0;34m)\u001b[0m\u001b[0;34m\u001b[0m\u001b[0;34m\u001b[0m\u001b[0m\n\u001b[0m\u001b[1;32m   1499\u001b[0m \u001b[0;34m\u001b[0m\u001b[0m\n\u001b[1;32m   1500\u001b[0m     \u001b[0;32mdef\u001b[0m \u001b[0m_get_slice_axis\u001b[0m\u001b[0;34m(\u001b[0m\u001b[0mself\u001b[0m\u001b[0;34m,\u001b[0m \u001b[0mslice_obj\u001b[0m\u001b[0;34m,\u001b[0m \u001b[0maxis\u001b[0m\u001b[0;34m=\u001b[0m\u001b[0;32mNone\u001b[0m\u001b[0;34m)\u001b[0m\u001b[0;34m:\u001b[0m\u001b[0;34m\u001b[0m\u001b[0;34m\u001b[0m\u001b[0m\n",
      "\u001b[0;31mKeyError\u001b[0m: ValueError('Big-endian buffer not supported on little-endian compiler',)"
     ]
    }
   ],
   "source": [
    "df2.describe()"
   ]
  },
  {
   "cell_type": "code",
   "execution_count": null,
   "metadata": {},
   "outputs": [],
   "source": []
  }
 ],
 "metadata": {
  "kernelspec": {
   "display_name": "Python 3",
   "language": "python",
   "name": "python3"
  },
  "language_info": {
   "codemirror_mode": {
    "name": "ipython",
    "version": 3
   },
   "file_extension": ".py",
   "mimetype": "text/x-python",
   "name": "python",
   "nbconvert_exporter": "python",
   "pygments_lexer": "ipython3",
   "version": "3.6.7"
  }
 },
 "nbformat": 4,
 "nbformat_minor": 2
}
